
*** ENTRADAS *** 
Pitch: -5.19
Roll: -46.08
Height: 0.32
Speed: 53.22

*** ENTRADAS *** 
Pitch: -5.47
Roll: -45.44
Height: 0.33
Speed: 51.35

*** SALIDAS *** 
Left Angle: 38.29
Right Angle: 84.26
Back Angle: 98.71
Speed: 50.69

*** ENTRADAS *** 
Pitch: -5.51
Roll: -44.13
Height: 0.30
Speed: 52.18

*** ENTRADAS *** 
Pitch: -5.51
Roll: -44.13
Height: 0.30
Speed: 52.18

*** ENTRADAS *** 
Pitch: -6.25
Roll: -48.07
Height: 0.33
Speed: 54.11

*** ENTRADAS *** 
Pitch: -5.98
Roll: -43.22
Height: 0.33
Speed: 54.49

*** ENTRADAS *** 
Pitch: -5.87
Roll: -49.27
Height: 0.33
Speed: 60.69

*** ENTRADAS *** 
Pitch: -5.73
Roll: -44.04
Height: 0.30
Speed: 0.00

*** ENTRADAS *** 
Pitch: -5.44
Roll: -43.81
Height: 0.33
Speed: 56.12

*** SALIDAS *** 
Left Angle: 35.81
Right Angle: 79.44
Back Angle: 106.58
Speed: 52.29

*** ENTRADAS *** 
Pitch: -5.91
Roll: -46.82
Height: 0.36
Speed: 55.48

*** ENTRADAS *** 
Pitch: -5.91
Roll: -46.82
Height: 0.36
Speed: 55.48

*** ENTRADAS *** 
Pitch: -5.39
Roll: -49.03
Height: 0.30
Speed: 53.07

*** ENTRADAS *** 
Pitch: -6.26
Roll: -49.40
Height: 0.31
Speed: 53.39

*** ENTRADAS *** 
Pitch: -6.19
Roll: -44.96
Height: 0.36
Speed: 0.00

*** ENTRADAS *** 
Pitch: -5.53
Roll: -42.47
Height: 0.34
Speed: 57.43

*** ENTRADAS *** 
Pitch: -6.04
Roll: -42.81
Height: 0.31
Speed: 62.03

*** ENTRADAS *** 
Pitch: -6.13
Roll: -41.26
Height: 0.30
Speed: 0.00

*** SALIDAS *** 
Left Angle: 32.60
Right Angle: 86.93
Back Angle: 88.68
Speed: 45.84

*** ENTRADAS *** 
Pitch: -5.32
Roll: -48.10
Height: 0.30
Speed: 52.16

*** ENTRADAS *** 
Pitch: -5.32
Roll: -48.10
Height: 0.30
Speed: 52.16

*** ENTRADAS *** 
Pitch: -5.91
Roll: -45.02
Height: 0.36
Speed: 60.48

*** ENTRADAS *** 
Pitch: -5.75
Roll: -42.35
Height: 0.36
Speed: 61.67

*** SALIDAS *** 
Left Angle: 28.81
Right Angle: 89.49
Back Angle: 87.03
Speed: 43.92

*** ENTRADAS *** 
Pitch: -5.89
Roll: -47.68
Height: 0.36
Speed: 0.00

*** ENTRADAS *** 
Pitch: -5.89
Roll: -47.68
Height: 0.36
Speed: 0.00

*** ENTRADAS *** 
Pitch: -5.61
Roll: -48.99
Height: 0.36
Speed: 56.04

*** ENTRADAS *** 
Pitch: -6.09
Roll: -43.08
Height: 0.31
Speed: 63.56

*** ENTRADAS *** 
Pitch: -5.96
Roll: -48.27
Height: 0.33
Speed: 0.00

*** ENTRADAS *** 
Pitch: -5.19
Roll: -43.98
Height: 0.34
Speed: 61.93

*** SALIDAS *** 
Left Angle: 27.01
Right Angle: 65.26
Back Angle: 110.00
Speed: 51.90

*** ENTRADAS *** 
Pitch: -5.26
Roll: -46.17
Height: 0.34
Speed: 59.50

*** ENTRADAS *** 
Pitch: -5.84
Roll: -44.91
Height: 0.35
Speed: 0.00

*** ENTRADAS *** 
Pitch: -5.84
Roll: -44.91
Height: 0.35
Speed: 0.00

*** ENTRADAS *** 
Pitch: -5.84
Roll: -44.91
Height: 0.35
Speed: 0.00

*** ENTRADAS *** 
Pitch: -5.85
Roll: -46.64
Height: 0.31
Speed: 60.65

*** SALIDAS *** 
Left Angle: 24.73
Right Angle: 92.85
Back Angle: 90.94
Speed: 5.00

*** SALIDAS *** 
Left Angle: 21.04
Right Angle: 86.74
Back Angle: 110.00
Speed: 52.60

*** SALIDAS *** 
Left Angle: 17.50
Right Angle: 79.63
Back Angle: 80.27
Speed: 51.15

*** SALIDAS *** 
Left Angle: 15.94
Right Angle: 92.27
Back Angle: 110.00
Speed: 44.03

*** SALIDAS *** 
Left Angle: 13.87
Right Angle: 96.45
Back Angle: 87.03
Speed: 49.58

*** SALIDAS *** 
Left Angle: 47.36
Right Angle: 82.49
Back Angle: 98.06
Speed: 49.58

*** SALIDAS *** 
Left Angle: 42.73
Right Angle: 64.70
Back Angle: 105.98
Speed: 44.36

*** SALIDAS *** 
Left Angle: 41.89
Right Angle: 83.42
Back Angle: 90.31
Speed: 44.37

*** SALIDAS *** 
Left Angle: 39.36
Right Angle: 101.55
Back Angle: 106.12
Speed: 45.91

*** SALIDAS *** 
Left Angle: 36.83
Right Angle: 83.23
Back Angle: 83.46
Speed: 52.37

*** SALIDAS *** 
Left Angle: 32.49
Right Angle: 65.39
Back Angle: 106.29
Speed: 52.44

*** SALIDAS *** 
Left Angle: 30.58
Right Angle: 84.43
Back Angle: 98.44
Speed: 52.44

*** SALIDAS *** 
Left Angle: 27.92
Right Angle: 84.62
Back Angle: 98.47
Speed: 52.44

*** SALIDAS *** 
Left Angle: 25.64
Right Angle: 100.54
Back Angle: 106.37
Speed: 49.73

*** SALIDAS *** 
Left Angle: 20.62
Right Angle: 71.07
Back Angle: 98.54
Speed: 44.27

*** SALIDAS *** 
Left Angle: 19.10
Right Angle: 85.51
Back Angle: 98.60
Speed: 44.27

*** SALIDAS *** 
Left Angle: 16.07
Right Angle: 85.80
Back Angle: 98.66
Speed: 44.27

*** SALIDAS *** 
Left Angle: 13.95
Right Angle: 99.91
Back Angle: 73.50
Speed: 49.93

*** SALIDAS *** 
Left Angle: 11.01
Right Angle: 75.86
Back Angle: 110.00
Speed: 0.00

*** SALIDAS *** 
Left Angle: 47.27
Right Angle: 82.59
Back Angle: 97.32
Speed: 0.00

*** SALIDAS *** 
Left Angle: 44.40
Right Angle: 88.11
Back Angle: 79.71
Speed: 54.10

*** SALIDAS *** 
Left Angle: 42.12
Right Angle: 83.88
Back Angle: 110.00
Speed: 54.78

*** SALIDAS *** 
Left Angle: 37.50
Right Angle: 92.01
Back Angle: 83.13
Speed: 53.30

*** SALIDAS *** 
Left Angle: 35.62
Right Angle: 81.77
Back Angle: 110.00
Speed: 49.36

*** SALIDAS *** 
Left Angle: 32.73
Right Angle: 84.06
Back Angle: 97.70
Speed: 49.36

*** SALIDAS *** 
Left Angle: 29.69
Right Angle: 84.38
Back Angle: 97.78
Speed: 49.36

*** SALIDAS *** 
Left Angle: 26.97
Right Angle: 67.64
Back Angle: 79.90
Speed: 55.77

*** SALIDAS *** 
Left Angle: 23.31
Right Angle: 94.78
Back Angle: 88.37
Speed: 49.52

*** SALIDAS *** 
Left Angle: 21.05
Right Angle: 89.30
Back Angle: 110.00
Speed: 57.66

*** SALIDAS *** 
Left Angle: 19.06
Right Angle: 95.37
Back Angle: 97.94
Speed: 0.00

*** SALIDAS *** 
Left Angle: 13.46
Right Angle: 87.53
Back Angle: 86.69
Speed: 0.00

*** ENTRADAS *** 
Pitch: 0.00
Roll: 0.00
Height: 0.00
Speed: 0.00

*** ENTRADAS *** 
Pitch: 0.00
Roll: 0.00
Height: 0.00
Speed: 0.00

*** ENTRADAS *** 
Pitch: 0.00
Roll: 0.00
Height: 0.00
Speed: 0.00

*** ENTRADAS *** 
Pitch: 0.00
Roll: 0.00
Height: 0.00
Speed: 0.00

*** ENTRADAS *** 
Pitch: 0.00
Roll: 0.00
Height: 0.00
Speed: 0.00

*** ENTRADAS *** 
Pitch: 0.00
Roll: 0.00
Height: 0.00
Speed: 0.00

*** ENTRADAS *** 
Pitch: 0.00
Roll: 0.00
Height: 0.00
Speed: 0.00

*** ENTRADAS *** 
Pitch: -1.00
Roll: 0.00
Height: 0.00
Speed: 0.00

*** ENTRADAS *** 
Pitch: 0.00
Roll: 0.00
Height: 0.00
Speed: 0.00

*** ENTRADAS *** 
Pitch: 0.00
Roll: 0.00
Height: 0.00
Speed: 0.00

*** ENTRADAS *** 
Pitch: 0.00
Roll: 0.00
Height: 0.00
Speed: 0.00

*** ENTRADAS *** 
Pitch: 0.00
Roll: 0.00
Height: 0.00
Speed: 0.00

*** ENTRADAS *** 
Pitch: 0.00
Roll: 0.00
Height: 0.00
Speed: 0.00

*** ENTRADAS *** 
Pitch: 0.00
Roll: 0.00
Height: 0.00
Speed: 0.00

*** ENTRADAS *** 
Pitch: 0.00
Roll: 0.00
Height: 0.00
Speed: 0.00

*** ENTRADAS *** 
Pitch: 0.00
Roll: 0.00
Height: 0.00
Speed: 0.00

*** ENTRADAS *** 
Pitch: 0.00
Roll: 0.00
Height: -1.00
Speed: 0.00

*** ENTRADAS *** 
Pitch: 0.00
Roll: 0.00
Height: 0.00
Speed: 0.00

*** ENTRADAS *** 
Pitch: -1.00
Roll: 0.00
Height: 0.00
Speed: 0.00

*** ENTRADAS *** 
Pitch: 0.00
Roll: 0.00
Height: 0.00
Speed: 0.00

*** ENTRADAS *** 
Pitch: 0.00
Roll: 0.00
Height: 0.00
Speed: 0.00

*** ENTRADAS *** 
Pitch: 0.00
Roll: 0.00
Height: 0.00
Speed: 0.00

*** ENTRADAS *** 
Pitch: 0.00
Roll: 0.00
Height: 0.00
Speed: 0.00

*** ENTRADAS *** 
Pitch: 0.00
Roll: 0.00
Height: 0.00
Speed: 0.00

*** ENTRADAS *** 
Pitch: 0.00
Roll: 0.00
Height: 0.00
Speed: 0.00

*** ENTRADAS *** 
Pitch: 0.00
Roll: 0.00
Height: 0.00
Speed: 0.00

*** ENTRADAS *** 
Pitch: 0.00
Roll: 0.00
Height: 0.00
Speed: 0.00

*** ENTRADAS *** 
Pitch: 0.00
Roll: 0.00
Height: 0.00
Speed: 0.00

*** ENTRADAS *** 
Pitch: 0.00
Roll: 0.00
Height: 0.00
Speed: 0.00

*** ENTRADAS *** 
Pitch: 0.00
Roll: 0.00
Height: 0.00
Speed: 0.00

*** ENTRADAS *** 
Pitch: 0.00
Roll: 0.00
Height: 0.00
Speed: 0.00

*** ENTRADAS *** 
Pitch: 0.00
Roll: 0.00
Height: 0.00
Speed: 0.00

*** ENTRADAS *** 
Pitch: 0.00
Roll: 0.00
Height: 0.00
Speed: 0.00

*** ENTRADAS *** 
Pitch: 0.00
Roll: 0.00
Height: 0.00
Speed: 0.00

*** ENTRADAS *** 
Pitch: 0.00
Roll: 0.00
Height: 0.00
Speed: 0.00

*** ENTRADAS *** 
Pitch: 0.00
Roll: 0.00
Height: 0.00
Speed: 0.00

*** ENTRADAS *** 
Pitch: 0.00
Roll: 0.00
Height: 0.00
Speed: 0.00

*** ENTRADAS *** 
Pitch: 0.00
Roll: 0.00
Height: 0.00
Speed: 0.00

*** ENTRADAS *** 
Pitch: 0.00
Roll: 0.00
Height: 0.00
Speed: 0.00

*** ENTRADAS *** 
Pitch: 0.00
Roll: 0.00
Height: 0.00
Speed: 0.00

*** ENTRADAS *** 
Pitch: 0.00
Roll: 0.00
Height: 0.00
Speed: 0.00

*** ENTRADAS *** 
Pitch: 0.00
Roll: 0.00
Height: 0.00
Speed: 0.00

*** ENTRADAS *** 
Pitch: 0.00
Roll: 0.00
Height: 0.00
Speed: 0.00

*** ENTRADAS *** 
Pitch: -1.00
Roll: 0.00
Height: 0.00
Speed: 0.00

*** ENTRADAS *** 
Pitch: 0.00
Roll: 0.00
Height: 0.00
Speed: 0.00

*** ENTRADAS *** 
Pitch: 0.00
Roll: 0.00
Height: 0.00
Speed: 0.00

*** ENTRADAS *** 
Pitch: 0.00
Roll: 0.00
Height: -1.00
Speed: 0.00

*** ENTRADAS *** 
Pitch: 0.00
Roll: 0.00
Height: 0.00
Speed: 0.00

*** ENTRADAS *** 
Pitch: 0.00
Roll: 0.00
Height: 0.00
Speed: 0.00

*** ENTRADAS *** 
Pitch: 0.00
Roll: 0.00
Height: 0.00
Speed: 0.00

*** ENTRADAS *** 
Pitch: 0.00
Roll: 0.00
Height: 0.00
Speed: 0.00

*** ENTRADAS *** 
Pitch: 0.00
Roll: 0.00
Height: 0.00
Speed: 0.00

*** ENTRADAS *** 
Pitch: 0.00
Roll: 0.00
Height: 0.00
Speed: 0.00

*** ENTRADAS *** 
Pitch: 0.00
Roll: 0.00
Height: 0.00
Speed: 0.00

*** ENTRADAS *** 
Pitch: 0.00
Roll: 0.00
Height: 0.00
Speed: 0.00

*** ENTRADAS *** 
Pitch: 0.00
Roll: 0.00
Height: 0.00
Speed: 0.00

*** ENTRADAS *** 
Pitch: 0.00
Roll: 0.00
Height: 0.00
Speed: 0.00

*** ENTRADAS *** 
Pitch: 0.00
Roll: 0.00
Height: 0.00
Speed: 0.00

*** ENTRADAS *** 
Pitch: 0.00
Roll: 0.00
Height: 0.00
Speed: 0.00

*** ENTRADAS *** 
Pitch: 0.00
Roll: 0.00
Height: 0.00
Speed: 0.00

*** ENTRADAS *** 
Pitch: 0.00
Roll: 0.00
Height: 0.00
Speed: 0.00

*** ENTRADAS *** 
Pitch: 0.00
Roll: 0.00
Height: 0.00
Speed: 0.00

*** ENTRADAS *** 
Pitch: 0.00
Roll: 0.00
Height: 0.00
Speed: 0.00

*** ENTRADAS *** 
Pitch: 0.00
Roll: 0.00
Height: 0.00
Speed: 0.00

*** ENTRADAS *** 
Pitch: 0.00
Roll: 0.00
Height: 0.00
Speed: 0.00

*** ENTRADAS *** 
Pitch: 0.00
Roll: 0.00
Height: 0.00
Speed: 0.00

*** ENTRADAS *** 
Pitch: 0.00
Roll: 0.00
Height: 0.00
Speed: 0.00

*** ENTRADAS *** 
Pitch: 0.00
Roll: 0.00
Height: 0.00
Speed: 0.00

*** ENTRADAS *** 
Pitch: 0.00
Roll: 0.00
Height: 0.00
Speed: 0.00

*** ENTRADAS *** 
Pitch: 0.00
Roll: 0.00
Height: 0.00
Speed: 0.00

*** ENTRADAS *** 
Pitch: 0.00
Roll: 0.00
Height: 0.00
Speed: 0.00

*** ENTRADAS *** 
Pitch: 0.00
Roll: 0.00
Height: 0.00
Speed: 0.00

*** ENTRADAS *** 
Pitch: 0.00
Roll: 0.00
Height: 0.00
Speed: 0.00

*** ENTRADAS *** 
Pitch: 0.00
Roll: 0.00
Height: 0.00
Speed: 0.00

*** ENTRADAS *** 
Pitch: 0.00
Roll: 0.00
Height: 0.00
Speed: 0.00

*** ENTRADAS *** 
Pitch: 0.00
Roll: 0.00
Height: 0.00
Speed: 0.00

*** ENTRADAS *** 
Pitch: 0.00
Roll: 0.00
Height: 0.00
Speed: 0.00

*** ENTRADAS *** 
Pitch: 0.00
Roll: 0.00
Height: 0.00
Speed: 0.00

*** ENTRADAS *** 
Pitch: -1.00
Roll: 0.00
Height: 0.00
Speed: 0.00

*** ENTRADAS *** 
Pitch: 0.00
Roll: 0.00
Height: 0.00
Speed: 0.00

*** ENTRADAS *** 
Pitch: 0.00
Roll: 0.00
Height: 0.00
Speed: 0.00

*** ENTRADAS *** 
Pitch: 0.00
Roll: 0.00
Height: 0.00
Speed: 0.00

*** ENTRADAS *** 
Pitch: 0.00
Roll: 0.00
Height: 0.00
Speed: 0.00

*** ENTRADAS *** 
Pitch: 0.00
Roll: 0.00
Height: 0.00
Speed: 0.00

*** ENTRADAS *** 
Pitch: 0.00
Roll: 0.00
Height: 0.00
Speed: 0.00

*** ENTRADAS *** 
Pitch: 0.00
Roll: 0.00
Height: 0.00
Speed: 0.00

*** ENTRADAS *** 
Pitch: 0.00
Roll: 0.00
Height: 0.00
Speed: 0.00

*** ENTRADAS *** 
Pitch: 0.00
Roll: 0.00
Height: 0.00
Speed: 0.00

*** ENTRADAS *** 
Pitch: 0.00
Roll: 0.00
Height: 0.00
Speed: 0.00

*** ENTRADAS *** 
Pitch: 0.00
Roll: 0.00
Height: 0.00
Speed: 0.00

*** ENTRADAS *** 
Pitch: 0.00
Roll: 0.00
Height: 0.00
Speed: 0.00

*** ENTRADAS *** 
Pitch: 0.00
Roll: 0.00
Height: 0.00
Speed: 0.00

*** ENTRADAS *** 
Pitch: 0.00
Roll: 0.00
Height: 0.00
Speed: 0.00

*** ENTRADAS *** 
Pitch: 0.00
Roll: 0.00
Height: 0.00
Speed: 0.00

*** ENTRADAS *** 
Pitch: 0.00
Roll: 0.00
Height: 0.00
Speed: 0.00

*** ENTRADAS *** 
Pitch: 0.00
Roll: 0.00
Height: 0.00
Speed: 0.00

*** ENTRADAS *** 
Pitch: 0.00
Roll: 0.00
Height: 0.00
Speed: 0.00

*** ENTRADAS *** 
Pitch: 0.00
Roll: 0.00
Height: 0.00
Speed: 0.00

*** ENTRADAS *** 
Pitch: 0.00
Roll: 0.00
Height: 0.00
Speed: 0.00

*** ENTRADAS *** 
Pitch: 0.00
Roll: 0.00
Height: 0.00
Speed: 0.00

*** ENTRADAS *** 
Pitch: 0.00
Roll: 0.00
Height: 0.00
Speed: 0.00

*** ENTRADAS *** 
Pitch: 0.00
Roll: 0.00
Height: 0.00
Speed: 0.00

*** ENTRADAS *** 
Pitch: 0.00
Roll: 0.00
Height: 0.00
Speed: 0.00

*** ENTRADAS *** 
Pitch: 0.00
Roll: 0.00
Height: 0.00
Speed: 0.00

*** ENTRADAS *** 
Pitch: 0.00
Roll: 0.00
Height: 0.00
Speed: 0.00

*** ENTRADAS *** 
Pitch: 0.00
Roll: 0.00
Height: 0.00
Speed: 0.00

*** ENTRADAS *** 
Pitch: 0.00
Roll: 0.00
Height: 0.00
Speed: 0.00

*** ENTRADAS *** 
Pitch: 0.00
Roll: 0.00
Height: 0.00
Speed: 0.00

*** ENTRADAS *** 
Pitch: 0.00
Roll: 0.00
Height: 0.00
Speed: 0.00

*** ENTRADAS *** 
Pitch: 0.00
Roll: 0.00
Height: 0.00
Speed: 0.00

*** ENTRADAS *** 
Pitch: 0.00
Roll: 0.00
Height: 0.00
Speed: 0.00

*** ENTRADAS *** 
Pitch: 0.00
Roll: 0.00
Height: 0.00
Speed: 0.00

*** ENTRADAS *** 
Pitch: 0.00
Roll: 0.00
Height: 0.00
Speed: 0.00

*** ENTRADAS *** 
Pitch: 0.00
Roll: 0.00
Height: 0.00
Speed: 0.00

*** ENTRADAS *** 
Pitch: 0.00
Roll: 0.00
Height: 0.00
Speed: 0.00

*** ENTRADAS *** 
Pitch: 0.00
Roll: 0.00
Height: 0.00
Speed: 0.00

*** ENTRADAS *** 
Pitch: 0.00
Roll: 0.00
Height: 0.00
Speed: 0.00

*** ENTRADAS *** 
Pitch: 0.00
Roll: 0.00
Height: 0.00
Speed: 0.00

*** ENTRADAS *** 
Pitch: -1.00
Roll: -1.00
Height: -1.00
Speed: -1.00

*** ENTRADAS *** 
Pitch: -1.00
Roll: -1.00
Height: -1.00
Speed: -1.00

*** ENTRADAS *** 
Pitch: -1.00
Roll: -1.00
Height: -1.00
Speed: -1.00

*** ENTRADAS *** 
Pitch: -1.00
Roll: -1.00
Height: -1.00
Speed: -1.00

*** ENTRADAS *** 
Pitch: -1.00
Roll: -1.00
Height: -1.00
Speed: -1.00

*** ENTRADAS *** 
Pitch: -1.00
Roll: -1.00
Height: -1.00
Speed: -1.00

*** ENTRADAS *** 
Pitch: 0.00
Roll: 0.00
Height: 0.00
Speed: 0.00

*** ENTRADAS *** 
Pitch: 0.00
Roll: 0.00
Height: 0.00
Speed: 0.00

*** ENTRADAS *** 
Pitch: 0.00
Roll: 0.00
Height: 0.00
Speed: 0.00

*** ENTRADAS *** 
Pitch: 0.00
Roll: 0.00
Height: 0.00
Speed: 0.00

*** ENTRADAS *** 
Pitch: 0.00
Roll: 0.00
Height: 0.00
Speed: 0.00

*** ENTRADAS *** 
Pitch: 0.00
Roll: 0.00
Height: 0.00
Speed: 0.00

*** ENTRADAS *** 
Pitch: 0.00
Roll: 0.00
Height: 0.00
Speed: 0.00

*** ENTRADAS *** 
Pitch: 0.00
Roll: 0.00
Height: 0.00
Speed: 0.00

*** ENTRADAS *** 
Pitch: 0.00
Roll: 0.00
Height: 0.00
Speed: 0.00

*** ENTRADAS *** 
Pitch: 0.00
Roll: 0.00
Height: 0.00
Speed: 0.00

*** ENTRADAS *** 
Pitch: 0.00
Roll: 0.00
Height: 0.00
Speed: 0.00

*** ENTRADAS *** 
Pitch: 0.00
Roll: 0.00
Height: 0.00
Speed: 0.00

*** ENTRADAS *** 
Pitch: 0.00
Roll: 0.00
Height: 0.00
Speed: 0.00

*** ENTRADAS *** 
Pitch: 0.00
Roll: 0.00
Height: 0.00
Speed: 0.00

*** ENTRADAS *** 
Pitch: 0.00
Roll: 0.00
Height: 0.00
Speed: 0.00

*** ENTRADAS *** 
Pitch: 0.00
Roll: 0.00
Height: 0.00
Speed: 0.00

*** ENTRADAS *** 
Pitch: 0.00
Roll: 0.00
Height: 0.00
Speed: 0.00

*** ENTRADAS *** 
Pitch: 0.00
Roll: 0.00
Height: 0.00
Speed: 0.00

*** ENTRADAS *** 
Pitch: 0.00
Roll: 0.00
Height: 0.00
Speed: 0.00

*** ENTRADAS *** 
Pitch: 0.00
Roll: 0.00
Height: 0.00
Speed: 0.00

*** ENTRADAS *** 
Pitch: 0.00
Roll: 0.00
Height: 0.00
Speed: 0.00

*** ENTRADAS *** 
Pitch: 0.00
Roll: 0.00
Height: 0.00
Speed: 0.00

*** ENTRADAS *** 
Pitch: 0.00
Roll: 0.00
Height: 0.00
Speed: 0.00

*** ENTRADAS *** 
Pitch: 0.00
Roll: 0.00
Height: 0.00
Speed: 0.00

*** ENTRADAS *** 
Pitch: 0.00
Roll: 0.00
Height: 0.00
Speed: 0.00

*** ENTRADAS *** 
Pitch: 0.00
Roll: 0.00
Height: 0.00
Speed: 0.00

*** ENTRADAS *** 
Pitch: 0.00
Roll: 0.00
Height: 0.00
Speed: 0.00

*** ENTRADAS *** 
Pitch: 0.00
Roll: 0.00
Height: 0.00
Speed: 0.00

*** ENTRADAS *** 
Pitch: 0.00
Roll: 0.00
Height: 0.00
Speed: 0.00

*** ENTRADAS *** 
Pitch: 0.00
Roll: 0.00
Height: 0.00
Speed: 0.00

*** ENTRADAS *** 
Pitch: 0.00
Roll: 0.00
Height: 0.00
Speed: 0.00

*** ENTRADAS *** 
Pitch: 0.00
Roll: 0.00
Height: 0.00
Speed: 0.00

*** ENTRADAS *** 
Pitch: 0.00
Roll: 0.00
Height: 0.00
Speed: 0.00

*** ENTRADAS *** 
Pitch: 0.00
Roll: 0.00
Height: 0.00
Speed: 0.00

*** ENTRADAS *** 
Pitch: 0.00
Roll: 0.00
Height: 0.00
Speed: 0.00

*** ENTRADAS *** 
Pitch: 0.00
Roll: 0.00
Height: 0.00
Speed: 0.00

*** ENTRADAS *** 
Pitch: 0.00
Roll: 0.00
Height: 0.00
Speed: 0.00

*** ENTRADAS *** 
Pitch: 0.00
Roll: 0.00
Height: 0.00
Speed: 0.00

*** ENTRADAS *** 
Pitch: 0.00
Roll: 0.00
Height: 0.00
Speed: 0.00

*** ENTRADAS *** 
Pitch: 0.00
Roll: 0.00
Height: 0.00
Speed: 0.00

*** ENTRADAS *** 
Pitch: 0.00
Roll: 0.00
Height: 0.00
Speed: 0.00

*** ENTRADAS *** 
Pitch: 0.00
Roll: 0.00
Height: 0.00
Speed: 0.00

*** ENTRADAS *** 
Pitch: 0.00
Roll: 0.00
Height: 0.00
Speed: 0.00

*** ENTRADAS *** 
Pitch: 0.00
Roll: 0.00
Height: 0.00
Speed: 0.00

*** ENTRADAS *** 
Pitch: 0.00
Roll: 0.00
Height: 0.00
Speed: 0.00

*** ENTRADAS *** 
Pitch: 0.00
Roll: 0.00
Height: 0.00
Speed: 0.00

*** ENTRADAS *** 
Pitch: 0.00
Roll: 0.00
Height: 0.00
Speed: 0.00

*** ENTRADAS *** 
Pitch: 0.00
Roll: 0.00
Height: 0.00
Speed: 0.00

*** ENTRADAS *** 
Pitch: 0.00
Roll: 0.00
Height: 0.00
Speed: 0.00

*** ENTRADAS *** 
Pitch: 0.00
Roll: 0.00
Height: 0.00
Speed: 0.00

*** ENTRADAS *** 
Pitch: 0.00
Roll: 0.00
Height: 0.00
Speed: 0.00

*** ENTRADAS *** 
Pitch: 0.00
Roll: 0.00
Height: 0.00
Speed: 0.00

*** ENTRADAS *** 
Pitch: 0.00
Roll: 0.00
Height: 0.00
Speed: 0.00

*** ENTRADAS *** 
Pitch: 0.00
Roll: 0.00
Height: 0.00
Speed: 0.00

*** ENTRADAS *** 
Pitch: 0.00
Roll: 0.00
Height: 0.00
Speed: 0.00

*** ENTRADAS *** 
Pitch: 0.00
Roll: 0.00
Height: 0.00
Speed: 0.00

*** ENTRADAS *** 
Pitch: 0.00
Roll: 0.00
Height: 0.00
Speed: 0.00

*** ENTRADAS *** 
Pitch: 0.00
Roll: 0.00
Height: 0.00
Speed: 0.00

*** ENTRADAS *** 
Pitch: 0.00
Roll: 0.00
Height: 0.00
Speed: 0.00

*** ENTRADAS *** 
Pitch: 0.00
Roll: 0.00
Height: 0.00
Speed: 0.00

*** ENTRADAS *** 
Pitch: 0.00
Roll: 0.00
Height: 0.00
Speed: 0.00

*** ENTRADAS *** 
Pitch: 0.00
Roll: 0.00
Height: 0.00
Speed: 0.00

*** ENTRADAS *** 
Pitch: 0.00
Roll: 0.00
Height: 0.00
Speed: 0.00

*** ENTRADAS *** 
Pitch: 0.00
Roll: 0.00
Height: 0.00
Speed: 0.00

*** ENTRADAS *** 
Pitch: 0.00
Roll: 0.00
Height: 0.00
Speed: 0.00

*** ENTRADAS *** 
Pitch: 0.00
Roll: 0.00
Height: 0.00
Speed: 0.00

*** ENTRADAS *** 
Pitch: 0.00
Roll: 0.00
Height: 0.00
Speed: 0.00

*** ENTRADAS *** 
Pitch: 0.00
Roll: 0.00
Height: 0.00
Speed: 0.00

*** ENTRADAS *** 
Pitch: 0.00
Roll: 0.00
Height: 0.00
Speed: 0.00

*** ENTRADAS *** 
Pitch: 0.00
Roll: 0.00
Height: 0.00
Speed: 0.00

*** ENTRADAS *** 
Pitch: 0.00
Roll: 0.00
Height: 0.00
Speed: 0.00

*** ENTRADAS *** 
Pitch: 0.00
Roll: 0.00
Height: 0.00
Speed: 0.00

*** ENTRADAS *** 
Pitch: 0.00
Roll: 0.00
Height: 0.00
Speed: 0.00

*** ENTRADAS *** 
Pitch: 0.00
Roll: 0.00
Height: 0.00
Speed: 0.00

*** ENTRADAS *** 
Pitch: 0.00
Roll: 0.00
Height: 0.00
Speed: 0.00

*** ENTRADAS *** 
Pitch: 0.00
Roll: 0.00
Height: 0.00
Speed: 0.00

*** ENTRADAS *** 
Pitch: 0.00
Roll: 0.00
Height: 0.00
Speed: 0.00

*** ENTRADAS *** 
Pitch: 0.00
Roll: 0.00
Height: 0.00
Speed: 0.00

*** ENTRADAS *** 
Pitch: 0.00
Roll: 0.00
Height: 0.00
Speed: 0.00

*** ENTRADAS *** 
Pitch: 0.00
Roll: 0.00
Height: 0.00
Speed: 0.00

*** ENTRADAS *** 
Pitch: 0.00
Roll: 0.00
Height: 0.00
Speed: 0.00

*** ENTRADAS *** 
Pitch: 0.00
Roll: 0.00
Height: 0.00
Speed: 0.00

*** ENTRADAS *** 
Pitch: 0.00
Roll: 0.00
Height: 0.00
Speed: 0.00

*** ENTRADAS *** 
Pitch: 0.00
Roll: 0.00
Height: 0.00
Speed: 0.00

*** ENTRADAS *** 
Pitch: 0.00
Roll: 0.00
Height: 0.00
Speed: 0.00

*** ENTRADAS *** 
Pitch: 0.00
Roll: 0.00
Height: 0.00
Speed: 0.00

*** ENTRADAS *** 
Pitch: 0.00
Roll: 0.00
Height: 0.00
Speed: 0.00

*** ENTRADAS *** 
Pitch: 0.00
Roll: 0.00
Height: 0.00
Speed: 0.00

*** ENTRADAS *** 
Pitch: 0.00
Roll: 0.00
Height: 0.00
Speed: 0.00

*** ENTRADAS *** 
Pitch: 0.00
Roll: 0.00
Height: 0.00
Speed: 0.00

*** ENTRADAS *** 
Pitch: 0.00
Roll: 0.00
Height: 0.00
Speed: 0.00

*** ENTRADAS *** 
Pitch: 0.00
Roll: 0.00
Height: 0.00
Speed: 0.00

*** ENTRADAS *** 
Pitch: 0.00
Roll: 0.00
Height: 0.00
Speed: 0.00

*** ENTRADAS *** 
Pitch: 0.00
Roll: 0.00
Height: 0.00
Speed: 0.00

*** ENTRADAS *** 
Pitch: 0.00
Roll: 0.00
Height: 0.00
Speed: 0.00

*** ENTRADAS *** 
Pitch: 0.00
Roll: 0.00
Height: 0.00
Speed: 0.00

*** ENTRADAS *** 
Pitch: 0.00
Roll: 0.00
Height: 0.00
Speed: 0.00

*** ENTRADAS *** 
Pitch: 0.00
Roll: 0.00
Height: 0.00
Speed: 0.00

*** ENTRADAS *** 
Pitch: 0.00
Roll: 0.00
Height: 0.00
Speed: 0.00

*** ENTRADAS *** 
Pitch: 0.00
Roll: 0.00
Height: 0.00
Speed: 0.00

*** ENTRADAS *** 
Pitch: 0.00
Roll: 0.00
Height: 0.00
Speed: 0.00

*** ENTRADAS *** 
Pitch: 0.00
Roll: 0.00
Height: 0.00
Speed: 0.00

*** ENTRADAS *** 
Pitch: 0.00
Roll: 0.00
Height: 0.00
Speed: 0.00

*** ENTRADAS *** 
Pitch: 0.00
Roll: 0.00
Height: 0.00
Speed: -1.00

*** ENTRADAS *** 
Pitch: 0.00
Roll: 0.00
Height: 0.00
Speed: 0.00

*** ENTRADAS *** 
Pitch: 0.00
Roll: 0.00
Height: 0.00
Speed: 0.00

*** ENTRADAS *** 
Pitch: 0.00
Roll: 0.00
Height: 0.00
Speed: 0.00

*** ENTRADAS *** 
Pitch: 0.00
Roll: 0.00
Height: 0.00
Speed: 0.00

*** ENTRADAS *** 
Pitch: 0.00
Roll: 0.00
Height: 0.00
Speed: 0.00

*** ENTRADAS *** 
Pitch: 0.00
Roll: 0.00
Height: 0.00
Speed: 0.00

*** ENTRADAS *** 
Pitch: 0.00
Roll: 0.00
Height: 0.00
Speed: 0.00

*** ENTRADAS *** 
Pitch: 0.00
Roll: 0.00
Height: 0.00
Speed: 0.00

*** ENTRADAS *** 
Pitch: 0.00
Roll: 0.00
Height: 0.00
Speed: 0.00

*** ENTRADAS *** 
Pitch: 0.00
Roll: 0.00
Height: 0.00
Speed: 0.00

*** ENTRADAS *** 
Pitch: 0.00
Roll: 0.00
Height: 0.00
Speed: 0.00

*** ENTRADAS *** 
Pitch: 0.00
Roll: 0.00
Height: -1.00
Speed: 0.00

*** ENTRADAS *** 
Pitch: 0.00
Roll: 0.00
Height: 0.00
Speed: 0.00

*** ENTRADAS *** 
Pitch: 0.00
Roll: 0.00
Height: 0.00
Speed: 0.00

*** ENTRADAS *** 
Pitch: 0.00
Roll: 0.00
Height: 0.00
Speed: 0.00

*** ENTRADAS *** 
Pitch: 0.00
Roll: 0.00
Height: 0.00
Speed: 0.00

*** ENTRADAS *** 
Pitch: 0.00
Roll: 0.00
Height: 0.00
Speed: 0.00

*** ENTRADAS *** 
Pitch: 0.00
Roll: 0.00
Height: 0.00
Speed: 0.00

*** ENTRADAS *** 
Pitch: 0.00
Roll: 0.00
Height: 0.00
Speed: 0.00

*** ENTRADAS *** 
Pitch: 0.00
Roll: 0.00
Height: 0.00
Speed: 0.00

*** ENTRADAS *** 
Pitch: 0.00
Roll: 0.00
Height: 0.00
Speed: 0.00

*** ENTRADAS *** 
Pitch: 0.00
Roll: 0.00
Height: 0.00
Speed: 0.00

*** ENTRADAS *** 
Pitch: 0.00
Roll: 0.00
Height: 0.00
Speed: 0.00

*** ENTRADAS *** 
Pitch: 0.00
Roll: 0.00
Height: 0.00
Speed: 0.00

*** ENTRADAS *** 
Pitch: 0.00
Roll: 0.00
Height: 0.00
Speed: 0.00

*** ENTRADAS *** 
Pitch: 0.00
Roll: 0.00
Height: 0.00
Speed: 0.00

*** ENTRADAS *** 
Pitch: 0.00
Roll: 0.00
Height: 0.00
Speed: 0.00

*** ENTRADAS *** 
Pitch: 0.00
Roll: 0.00
Height: 0.00
Speed: 0.00

*** ENTRADAS *** 
Pitch: 0.00
Roll: 0.00
Height: 0.00
Speed: 0.00

*** ENTRADAS *** 
Pitch: 0.00
Roll: 0.00
Height: 0.00
Speed: 0.00

*** ENTRADAS *** 
Pitch: 0.00
Roll: 0.00
Height: 0.00
Speed: 0.00

*** ENTRADAS *** 
Pitch: 0.00
Roll: 0.00
Height: 0.00
Speed: 0.00

*** ENTRADAS *** 
Pitch: 0.00
Roll: 0.00
Height: 0.00
Speed: 0.00

*** ENTRADAS *** 
Pitch: 0.00
Roll: 0.00
Height: 0.00
Speed: 0.00

*** ENTRADAS *** 
Pitch: 0.00
Roll: 0.00
Height: 0.00
Speed: 0.00

*** ENTRADAS *** 
Pitch: 0.00
Roll: 0.00
Height: 0.00
Speed: 0.00

*** ENTRADAS *** 
Pitch: 0.00
Roll: 0.00
Height: 0.00
Speed: 0.00

*** ENTRADAS *** 
Pitch: 0.00
Roll: 0.00
Height: 0.00
Speed: 0.00

*** ENTRADAS *** 
Pitch: 0.00
Roll: 0.00
Height: 0.00
Speed: 0.00

*** ENTRADAS *** 
Pitch: 0.00
Roll: 0.00
Height: 0.00
Speed: 0.00

*** ENTRADAS *** 
Pitch: 0.00
Roll: 0.00
Height: 0.00
Speed: 0.00

*** ENTRADAS *** 
Pitch: 0.00
Roll: 0.00
Height: 0.00
Speed: 0.00

*** ENTRADAS *** 
Pitch: 0.00
Roll: 0.00
Height: 0.00
Speed: 0.00

*** ENTRADAS *** 
Pitch: 0.00
Roll: 0.00
Height: 0.00
Speed: 0.00

*** ENTRADAS *** 
Pitch: 0.00
Roll: 0.00
Height: 0.00
Speed: 0.00

*** ENTRADAS *** 
Pitch: 0.00
Roll: 0.00
Height: 0.00
Speed: 0.00

*** ENTRADAS *** 
Pitch: 0.00
Roll: 0.00
Height: 0.00
Speed: 0.00

*** ENTRADAS *** 
Pitch: 0.00
Roll: 0.00
Height: 0.00
Speed: 0.00

*** ENTRADAS *** 
Pitch: 0.00
Roll: 0.00
Height: 0.00
Speed: 0.00

*** ENTRADAS *** 
Pitch: 0.00
Roll: 0.00
Height: 0.00
Speed: 0.00

*** ENTRADAS *** 
Pitch: 0.00
Roll: 0.00
Height: 0.00
Speed: 0.00

*** ENTRADAS *** 
Pitch: 0.00
Roll: 0.00
Height: 0.00
Speed: 0.00

*** ENTRADAS *** 
Pitch: 0.00
Roll: 0.00
Height: 0.00
Speed: 0.00

*** ENTRADAS *** 
Pitch: 0.00
Roll: 0.00
Height: 0.00
Speed: 0.00

*** ENTRADAS *** 
Pitch: 0.00
Roll: 0.00
Height: 0.00
Speed: 0.00

*** ENTRADAS *** 
Pitch: 0.00
Roll: 0.00
Height: 0.00
Speed: 0.00

*** ENTRADAS *** 
Pitch: 0.00
Roll: 0.00
Height: 0.00
Speed: 0.00

*** ENTRADAS *** 
Pitch: 0.00
Roll: 0.00
Height: 0.00
Speed: 0.00

*** ENTRADAS *** 
Pitch: 0.00
Roll: 0.00
Height: 0.00
Speed: 0.00

*** ENTRADAS *** 
Pitch: 0.00
Roll: 0.00
Height: 0.00
Speed: 0.00

*** ENTRADAS *** 
Pitch: 0.00
Roll: 0.00
Height: 0.00
Speed: 0.00

*** ENTRADAS *** 
Pitch: 0.00
Roll: 0.00
Height: 0.00
Speed: 0.00

*** ENTRADAS *** 
Pitch: 0.00
Roll: 0.00
Height: 0.00
Speed: 0.00

*** ENTRADAS *** 
Pitch: 0.00
Roll: 0.00
Height: 0.00
Speed: 0.00

*** ENTRADAS *** 
Pitch: 0.00
Roll: 0.00
Height: 0.00
Speed: 0.00

*** ENTRADAS *** 
Pitch: 0.00
Roll: 0.00
Height: 0.00
Speed: 0.00

*** ENTRADAS *** 
Pitch: 0.00
Roll: 0.00
Height: 0.00
Speed: 0.00

*** ENTRADAS *** 
Pitch: 0.00
Roll: 0.00
Height: 0.00
Speed: 0.00

*** ENTRADAS *** 
Pitch: 0.00
Roll: 0.00
Height: 0.00
Speed: 0.00

*** ENTRADAS *** 
Pitch: 0.00
Roll: 0.00
Height: 0.00
Speed: 0.00

*** ENTRADAS *** 
Pitch: 0.00
Roll: 0.00
Height: 0.00
Speed: 0.00

*** ENTRADAS *** 
Pitch: 0.00
Roll: 0.00
Height: 0.00
Speed: 0.00

*** ENTRADAS *** 
Pitch: 0.00
Roll: 0.00
Height: 0.00
Speed: 0.00

*** ENTRADAS *** 
Pitch: 0.00
Roll: 0.00
Height: 0.00
Speed: 0.00

*** ENTRADAS *** 
Pitch: 0.00
Roll: 0.00
Height: 0.00
Speed: 0.00

*** ENTRADAS *** 
Pitch: 0.00
Roll: 0.00
Height: 0.00
Speed: 0.00

*** ENTRADAS *** 
Pitch: 0.00
Roll: 0.00
Height: 0.00
Speed: 0.00

*** ENTRADAS *** 
Pitch: 0.00
Roll: 0.00
Height: 0.00
Speed: 0.00

*** ENTRADAS *** 
Pitch: 0.00
Roll: 0.00
Height: 0.00
Speed: 0.00

*** ENTRADAS *** 
Pitch: 0.00
Roll: 0.00
Height: 0.00
Speed: 0.00

*** ENTRADAS *** 
Pitch: 0.00
Roll: 0.00
Height: 0.00
Speed: 0.00

*** ENTRADAS *** 
Pitch: 0.00
Roll: 0.00
Height: 0.00
Speed: 0.00

*** ENTRADAS *** 
Pitch: 0.00
Roll: 0.00
Height: 0.00
Speed: 0.00

*** ENTRADAS *** 
Pitch: 0.00
Roll: 0.00
Height: 0.00
Speed: 0.00

*** ENTRADAS *** 
Pitch: 0.00
Roll: 0.00
Height: 0.00
Speed: 0.00

*** ENTRADAS *** 
Pitch: 0.00
Roll: 0.00
Height: 0.00
Speed: 0.00

*** ENTRADAS *** 
Pitch: 0.00
Roll: 0.00
Height: 0.00
Speed: 0.00

*** ENTRADAS *** 
Pitch: 0.00
Roll: 0.00
Height: 0.00
Speed: 0.00

*** ENTRADAS *** 
Pitch: 0.00
Roll: 0.00
Height: 0.00
Speed: 0.00

*** ENTRADAS *** 
Pitch: 0.00
Roll: 0.00
Height: 0.00
Speed: 0.00

*** ENTRADAS *** 
Pitch: 0.00
Roll: 0.00
Height: 0.00
Speed: 0.00

*** ENTRADAS *** 
Pitch: 0.00
Roll: 0.00
Height: 0.00
Speed: 0.00

*** ENTRADAS *** 
Pitch: 0.00
Roll: 0.00
Height: 0.00
Speed: 0.00

*** ENTRADAS *** 
Pitch: 0.00
Roll: 0.00
Height: 0.00
Speed: 0.00

*** ENTRADAS *** 
Pitch: 0.00
Roll: 0.00
Height: 0.00
Speed: 0.00

*** ENTRADAS *** 
Pitch: 0.00
Roll: 0.00
Height: 0.00
Speed: 0.00

*** ENTRADAS *** 
Pitch: 0.00
Roll: 0.00
Height: 0.00
Speed: 0.00

*** ENTRADAS *** 
Pitch: 0.00
Roll: 0.00
Height: 0.00
Speed: 0.00

*** ENTRADAS *** 
Pitch: 0.00
Roll: 0.00
Height: 0.00
Speed: 0.00

*** ENTRADAS *** 
Pitch: 0.00
Roll: 0.00
Height: 0.00
Speed: 0.00

*** ENTRADAS *** 
Pitch: 0.00
Roll: 0.00
Height: 0.00
Speed: 0.00

*** ENTRADAS *** 
Pitch: 0.00
Roll: 0.00
Height: 0.00
Speed: 0.00

*** ENTRADAS *** 
Pitch: 0.00
Roll: 0.00
Height: 0.00
Speed: 0.00

*** ENTRADAS *** 
Pitch: 0.00
Roll: 0.00
Height: 0.00
Speed: 0.00

*** ENTRADAS *** 
Pitch: 0.00
Roll: 0.00
Height: 0.00
Speed: 0.00

*** ENTRADAS *** 
Pitch: 0.00
Roll: 0.00
Height: 0.00
Speed: 0.00

*** ENTRADAS *** 
Pitch: 0.00
Roll: 0.00
Height: 0.00
Speed: 0.00

*** ENTRADAS *** 
Pitch: 0.00
Roll: 0.00
Height: 0.00
Speed: 0.00

*** ENTRADAS *** 
Pitch: 0.00
Roll: 0.00
Height: 0.00
Speed: 0.00

*** ENTRADAS *** 
Pitch: 0.00
Roll: 0.00
Height: 0.00
Speed: 0.00

*** ENTRADAS *** 
Pitch: 0.00
Roll: 0.00
Height: 0.00
Speed: 0.00

*** ENTRADAS *** 
Pitch: 0.00
Roll: 0.00
Height: 0.00
Speed: 0.00

*** ENTRADAS *** 
Pitch: 0.00
Roll: 0.00
Height: 0.00
Speed: 0.00

*** ENTRADAS *** 
Pitch: 0.00
Roll: 0.00
Height: 0.00
Speed: 0.00

*** ENTRADAS *** 
Pitch: 0.00
Roll: 0.00
Height: 0.00
Speed: 0.00

*** ENTRADAS *** 
Pitch: 0.00
Roll: 0.00
Height: 0.00
Speed: 0.00

*** ENTRADAS *** 
Pitch: 0.00
Roll: 0.00
Height: 0.00
Speed: 0.00

*** ENTRADAS *** 
Pitch: 0.00
Roll: 0.00
Height: 0.00
Speed: 0.00

*** ENTRADAS *** 
Pitch: 0.00
Roll: 0.00
Height: 0.00
Speed: 0.00

*** ENTRADAS *** 
Pitch: 0.00
Roll: 0.00
Height: 0.00
Speed: 0.00

*** ENTRADAS *** 
Pitch: 0.00
Roll: 0.00
Height: 0.00
Speed: 0.00

*** ENTRADAS *** 
Pitch: 0.00
Roll: 0.00
Height: 0.00
Speed: 0.00

*** ENTRADAS *** 
Pitch: 0.00
Roll: 0.00
Height: 0.00
Speed: 0.00

*** ENTRADAS *** 
Pitch: 0.00
Roll: 0.00
Height: 0.00
Speed: 0.00

*** ENTRADAS *** 
Pitch: 0.00
Roll: 0.00
Height: 0.00
Speed: 0.00

*** ENTRADAS *** 
Pitch: 0.00
Roll: 0.00
Height: 0.00
Speed: 0.00

*** ENTRADAS *** 
Pitch: 0.00
Roll: 0.00
Height: 0.00
Speed: 0.00

*** ENTRADAS *** 
Pitch: 0.00
Roll: 0.00
Height: 0.00
Speed: 0.00

*** ENTRADAS *** 
Pitch: 0.00
Roll: 0.00
Height: 0.00
Speed: 0.00

*** ENTRADAS *** 
Pitch: 0.00
Roll: 0.00
Height: 0.00
Speed: 0.00

*** ENTRADAS *** 
Pitch: 0.00
Roll: 0.00
Height: 0.00
Speed: 0.00

*** ENTRADAS *** 
Pitch: 0.00
Roll: 0.00
Height: 0.00
Speed: 0.00

*** ENTRADAS *** 
Pitch: 0.00
Roll: 0.00
Height: 0.00
Speed: 0.00

*** ENTRADAS *** 
Pitch: 0.00
Roll: 0.00
Height: 0.00
Speed: 0.00

*** ENTRADAS *** 
Pitch: 0.00
Roll: 0.00
Height: 0.00
Speed: 0.00

*** ENTRADAS *** 
Pitch: 0.00
Roll: 0.00
Height: 0.00
Speed: 0.00

*** ENTRADAS *** 
Pitch: 0.00
Roll: 0.00
Height: 0.00
Speed: 0.00

*** ENTRADAS *** 
Pitch: 0.00
Roll: 0.00
Height: 0.00
Speed: 0.00

*** ENTRADAS *** 
Pitch: 0.00
Roll: 0.00
Height: 0.00
Speed: 0.00

*** ENTRADAS *** 
Pitch: 0.00
Roll: 0.00
Height: 0.00
Speed: 0.00

*** ENTRADAS *** 
Pitch: 0.00
Roll: 0.00
Height: 0.00
Speed: 0.00

*** ENTRADAS *** 
Pitch: 0.00
Roll: 0.00
Height: 0.00
Speed: 0.00

*** ENTRADAS *** 
Pitch: 0.00
Roll: 0.00
Height: 0.00
Speed: 0.00

*** ENTRADAS *** 
Pitch: 0.00
Roll: 0.00
Height: 0.00
Speed: 0.00

*** ENTRADAS *** 
Pitch: -1.00
Roll: 0.00
Height: 0.00
Speed: 0.00

*** ENTRADAS *** 
Pitch: 0.00
Roll: 0.00
Height: 0.00
Speed: 0.00

*** ENTRADAS *** 
Pitch: 0.00
Roll: 0.00
Height: 0.00
Speed: 0.00

*** ENTRADAS *** 
Pitch: 0.00
Roll: 0.00
Height: 0.00
Speed: 0.00

*** ENTRADAS *** 
Pitch: 0.00
Roll: 0.00
Height: 0.00
Speed: 0.00

*** ENTRADAS *** 
Pitch: 0.00
Roll: 0.00
Height: 0.00
Speed: 0.00

*** ENTRADAS *** 
Pitch: 0.00
Roll: 0.00
Height: 0.00
Speed: 0.00

*** ENTRADAS *** 
Pitch: 0.00
Roll: 0.00
Height: 0.00
Speed: 0.00

*** ENTRADAS *** 
Pitch: 0.00
Roll: 0.00
Height: -1.00
Speed: -1.00

*** ENTRADAS *** 
Pitch: 0.00
Roll: 0.00
Height: 0.00
Speed: 0.00

*** ENTRADAS *** 
Pitch: 0.00
Roll: 0.00
Height: 0.00
Speed: 0.00

*** ENTRADAS *** 
Pitch: 0.00
Roll: 0.00
Height: 0.00
Speed: 0.00

*** ENTRADAS *** 
Pitch: 0.00
Roll: 0.00
Height: 0.00
Speed: 0.00

*** ENTRADAS *** 
Pitch: 0.00
Roll: 0.00
Height: 0.00
Speed: 0.00

*** ENTRADAS *** 
Pitch: 0.00
Roll: 0.00
Height: 0.00
Speed: 0.00

*** ENTRADAS *** 
Pitch: 0.00
Roll: 0.00
Height: 0.00
Speed: 0.00

*** ENTRADAS *** 
Pitch: 0.00
Roll: 0.00
Height: 0.00
Speed: 0.00

*** ENTRADAS *** 
Pitch: 0.00
Roll: 0.00
Height: 0.00
Speed: 0.00

*** ENTRADAS *** 
Pitch: 0.00
Roll: 0.00
Height: 0.00
Speed: 0.00

*** ENTRADAS *** 
Pitch: 0.00
Roll: 0.00
Height: 0.00
Speed: 0.00

*** ENTRADAS *** 
Pitch: 0.00
Roll: 0.00
Height: 0.00
Speed: 0.00

*** ENTRADAS *** 
Pitch: 0.00
Roll: 0.00
Height: 0.00
Speed: 0.00

*** ENTRADAS *** 
Pitch: 0.00
Roll: 0.00
Height: 0.00
Speed: 0.00

*** ENTRADAS *** 
Pitch: 0.00
Roll: 0.00
Height: 0.00
Speed: 0.00

*** ENTRADAS *** 
Pitch: 0.00
Roll: 0.00
Height: 0.00
Speed: 0.00

*** ENTRADAS *** 
Pitch: 0.00
Roll: 0.00
Height: 0.00
Speed: 0.00

*** ENTRADAS *** 
Pitch: 0.00
Roll: 0.00
Height: 0.00
Speed: 0.00

*** ENTRADAS *** 
Pitch: 0.00
Roll: 0.00
Height: 0.00
Speed: 0.00

*** ENTRADAS *** 
Pitch: 0.00
Roll: 0.00
Height: 0.00
Speed: 0.00

*** ENTRADAS *** 
Pitch: 0.00
Roll: 0.00
Height: 0.00
Speed: -1.00

*** ENTRADAS *** 
Pitch: 0.00
Roll: 0.00
Height: 0.00
Speed: 0.00

*** ENTRADAS *** 
Pitch: 0.00
Roll: 0.00
Height: 0.00
Speed: 0.00

*** ENTRADAS *** 
Pitch: 0.00
Roll: 0.00
Height: 0.00
Speed: 0.00

*** ENTRADAS *** 
Pitch: 0.00
Roll: 0.00
Height: 0.00
Speed: 0.00

*** ENTRADAS *** 
Pitch: 0.00
Roll: 0.00
Height: -1.00
Speed: -1.00

*** ENTRADAS *** 
Pitch: 0.00
Roll: 0.00
Height: 0.00
Speed: 0.00

*** ENTRADAS *** 
Pitch: 0.00
Roll: 0.00
Height: 0.00
Speed: 0.00

*** ENTRADAS *** 
Pitch: 0.00
Roll: 0.00
Height: 0.00
Speed: 0.00

*** ENTRADAS *** 
Pitch: 0.00
Roll: 0.00
Height: 0.00
Speed: 0.00

*** ENTRADAS *** 
Pitch: 0.00
Roll: 0.00
Height: 0.00
Speed: 0.00

*** ENTRADAS *** 
Pitch: 0.00
Roll: 0.00
Height: 0.00
Speed: 0.00

*** ENTRADAS *** 
Pitch: 0.00
Roll: 0.00
Height: 0.00
Speed: 0.00

*** ENTRADAS *** 
Pitch: 0.00
Roll: 0.00
Height: 0.00
Speed: 0.00

*** ENTRADAS *** 
Pitch: 0.00
Roll: 0.00
Height: 0.00
Speed: 0.00

*** ENTRADAS *** 
Pitch: 0.00
Roll: 0.00
Height: 0.00
Speed: 0.00

*** ENTRADAS *** 
Pitch: 0.00
Roll: 0.00
Height: 0.00
Speed: 0.00

*** ENTRADAS *** 
Pitch: 0.00
Roll: 0.00
Height: 0.00
Speed: 0.00

*** ENTRADAS *** 
Pitch: 0.00
Roll: 0.00
Height: 0.00
Speed: 0.00

*** ENTRADAS *** 
Pitch: 0.00
Roll: 0.00
Height: 0.00
Speed: 0.00

*** ENTRADAS *** 
Pitch: 0.00
Roll: 0.00
Height: 0.00
Speed: 0.00

*** ENTRADAS *** 
Pitch: 0.00
Roll: 0.00
Height: 0.00
Speed: 0.00

*** ENTRADAS *** 
Pitch: 0.00
Roll: 0.00
Height: 0.00
Speed: 0.00

*** ENTRADAS *** 
Pitch: 0.00
Roll: 0.00
Height: 0.00
Speed: 0.00

*** ENTRADAS *** 
Pitch: 0.00
Roll: 0.00
Height: 0.00
Speed: 0.00

*** ENTRADAS *** 
Pitch: 0.00
Roll: 0.00
Height: 0.00
Speed: 0.00

*** ENTRADAS *** 
Pitch: 0.00
Roll: 0.00
Height: 0.00
Speed: 0.00

*** ENTRADAS *** 
Pitch: 0.00
Roll: 0.00
Height: 0.00
Speed: 0.00

*** ENTRADAS *** 
Pitch: 0.00
Roll: 0.00
Height: 0.00
Speed: 0.00

*** ENTRADAS *** 
Pitch: 0.00
Roll: 0.00
Height: 0.00
Speed: 0.00

*** SALIDAS *** 
Left Angle: 0.00
Right Angle: 0.00
Back Angle: 0.00
Speed: 0.00

*** ENTRADAS *** 
Pitch: 0.00
Roll: 0.00
Height: 0.00
Speed: 0.00

*** ENTRADAS *** 
Pitch: 0.00
Roll: 0.00
Height: 0.00
Speed: 0.00

*** ENTRADAS *** 
Pitch: 0.00
Roll: 0.00
Height: 0.00
Speed: 0.00

*** ENTRADAS *** 
Pitch: 0.00
Roll: 0.00
Height: 0.00
Speed: 1.15

*** ENTRADAS *** 
Pitch: -1.00
Roll: 0.00
Height: 0.00
Speed: 1.17

*** ENTRADAS *** 
Pitch: 0.00
Roll: 0.00
Height: 0.00
Speed: 1.23

*** SALIDAS *** 
Left Angle: 0.00
Right Angle: 0.00
Back Angle: 0.00
Speed: 0.00

*** ENTRADAS *** 
Pitch: 0.00
Roll: 0.00
Height: 0.00
Speed: 1.19

*** ENTRADAS *** 
Pitch: 0.00
Roll: 0.00
Height: 0.00
Speed: 1.19

*** ENTRADAS *** 
Pitch: 0.00
Roll: 0.00
Height: 0.00
Speed: 1.19

*** ENTRADAS *** 
Pitch: 0.00
Roll: 0.00
Height: 0.00
Speed: 2.58

*** ENTRADAS *** 
Pitch: 0.00
Roll: 0.00
Height: 0.00
Speed: 2.55

*** SALIDAS *** 
Left Angle: 0.00
Right Angle: 0.00
Back Angle: 0.00
Speed: 0.00

*** ENTRADAS *** 
Pitch: 0.00
Roll: 0.00
Height: 0.00
Speed: 2.31

*** ENTRADAS *** 
Pitch: 0.00
Roll: 0.00
Height: 0.00
Speed: 2.31

*** ENTRADAS *** 
Pitch: 0.00
Roll: 0.00
Height: 0.00
Speed: 2.31

*** ENTRADAS *** 
Pitch: 0.00
Roll: 0.00
Height: 0.00
Speed: 3.70

*** ENTRADAS *** 
Pitch: 0.00
Roll: 0.00
Height: 0.00
Speed: 3.44

*** ENTRADAS *** 
Pitch: 0.00
Roll: 0.00
Height: 0.00
Speed: 3.71

*** ENTRADAS *** 
Pitch: 0.00
Roll: 0.00
Height: 0.00
Speed: 3.73

*** ENTRADAS *** 
Pitch: 0.00
Roll: 0.00
Height: 0.00
Speed: 3.78

*** ENTRADAS *** 
Pitch: 0.00
Roll: 0.00
Height: 0.00
Speed: 3.63

*** ENTRADAS *** 
Pitch: 0.00
Roll: 0.00
Height: 0.00
Speed: 3.81

*** ENTRADAS *** 
Pitch: 0.00
Roll: 0.00
Height: 0.00
Speed: 3.45

*** ENTRADAS *** 
Pitch: 0.00
Roll: 0.00
Height: 0.00
Speed: 3.30

*** ENTRADAS *** 
Pitch: 0.00
Roll: 0.00
Height: 0.00
Speed: 3.90

*** ENTRADAS *** 
Pitch: 0.00
Roll: 0.00
Height: 0.00
Speed: 3.88

*** ENTRADAS *** 
Pitch: 0.00
Roll: 0.00
Height: 0.00
Speed: 3.90

*** ENTRADAS *** 
Pitch: 0.00
Roll: 0.00
Height: 0.00
Speed: 3.85

*** ENTRADAS *** 
Pitch: 0.00
Roll: 0.00
Height: 0.00
Speed: 3.48

*** ENTRADAS *** 
Pitch: 0.00
Roll: 0.00
Height: 0.00
Speed: 3.90

*** SALIDAS *** 
Left Angle: 0.00
Right Angle: 0.00
Back Angle: 0.00
Speed: 3.90

*** ENTRADAS *** 
Pitch: 0.00
Roll: 0.00
Height: 0.00
Speed: 0.00

*** ENTRADAS *** 
Pitch: 0.00
Roll: 0.00
Height: 0.00
Speed: 3.39

*** ENTRADAS *** 
Pitch: 0.00
Roll: 0.00
Height: 0.00
Speed: 3.43

*** ENTRADAS *** 
Pitch: 0.00
Roll: 0.00
Height: 0.00
Speed: 3.27

*** ENTRADAS *** 
Pitch: 0.00
Roll: 0.00
Height: 0.00
Speed: 3.90

*** ENTRADAS *** 
Pitch: 0.00
Roll: 0.00
Height: 0.00
Speed: 3.42

*** ENTRADAS *** 
Pitch: 0.00
Roll: 0.00
Height: 0.00
Speed: 3.42

*** ENTRADAS *** 
Pitch: 0.00
Roll: 0.00
Height: 0.00
Speed: 3.42

*** ENTRADAS *** 
Pitch: 0.00
Roll: 0.00
Height: 0.00
Speed: 4.81

*** SALIDAS *** 
Left Angle: 0.00
Right Angle: 0.00
Back Angle: 0.00
Speed: 0.00

*** ENTRADAS *** 
Pitch: 0.00
Roll: 0.00
Height: 0.00
Speed: 4.33

*** ENTRADAS *** 
Pitch: 0.00
Roll: 0.00
Height: 0.00
Speed: 5.24

*** ENTRADAS *** 
Pitch: 0.00
Roll: 0.00
Height: 0.00
Speed: 5.01

*** ENTRADAS *** 
Pitch: 0.00
Roll: 0.00
Height: 0.00
Speed: 4.64

*** ENTRADAS *** 
Pitch: 0.00
Roll: 0.00
Height: 0.00
Speed: 4.72

*** ENTRADAS *** 
Pitch: 0.00
Roll: 0.00
Height: 0.00
Speed: 4.75

*** ENTRADAS *** 
Pitch: 0.00
Roll: 0.00
Height: 0.00
Speed: 5.17

*** ENTRADAS *** 
Pitch: 0.00
Roll: 0.00
Height: 0.00
Speed: 5.10

*** ENTRADAS *** 
Pitch: 0.00
Roll: 0.00
Height: 0.00
Speed: 5.27

*** ENTRADAS *** 
Pitch: 0.00
Roll: 0.00
Height: 0.00
Speed: 4.32

*** SALIDAS *** 
Left Angle: 0.00
Right Angle: 0.00
Back Angle: 0.00
Speed: 3.39

*** ENTRADAS *** 
Pitch: 0.00
Roll: 0.00
Height: 0.00
Speed: 5.16

*** ENTRADAS *** 
Pitch: 0.00
Roll: 0.00
Height: 0.00
Speed: 4.40

*** ENTRADAS *** 
Pitch: 0.00
Roll: 0.00
Height: 0.00
Speed: 4.82

*** ENTRADAS *** 
Pitch: 0.00
Roll: 0.00
Height: 0.00
Speed: 4.82

*** ENTRADAS *** 
Pitch: 0.00
Roll: 0.00
Height: 0.00
Speed: 4.82

*** ENTRADAS *** 
Pitch: 0.00
Roll: 0.00
Height: 0.00
Speed: 5.45

*** ENTRADAS *** 
Pitch: 0.00
Roll: 0.00
Height: 0.00
Speed: 5.45

*** ENTRADAS *** 
Pitch: 0.00
Roll: 0.00
Height: 0.00
Speed: 6.05

*** ENTRADAS *** 
Pitch: 0.00
Roll: 0.00
Height: 0.00
Speed: 6.35

*** ENTRADAS *** 
Pitch: 0.00
Roll: 0.00
Height: 0.00
Speed: 6.58

*** SALIDAS *** 
Left Angle: 0.00
Right Angle: 0.00
Back Angle: 0.00
Speed: 3.43

*** ENTRADAS *** 
Pitch: 0.00
Roll: 0.00
Height: 0.00
Speed: 5.69

*** ENTRADAS *** 
Pitch: 0.00
Roll: 0.00
Height: 0.00
Speed: 5.79

*** ENTRADAS *** 
Pitch: 0.00
Roll: 0.00
Height: 0.00
Speed: 0.00

*** ENTRADAS *** 
Pitch: 0.00
Roll: 0.00
Height: 0.00
Speed: 6.28

*** SALIDAS *** 
Left Angle: 110.00
Right Angle: 110.00
Back Angle: 110.00
Speed: -1.00

*** ENTRADAS *** 
Pitch: 0.00
Roll: 0.00
Height: 0.00
Speed: -1.00

*** ENTRADAS *** 
Pitch: 0.00
Roll: 0.00
Height: 0.00
Speed: 7.99

*** ENTRADAS *** 
Pitch: 0.00
Roll: 0.00
Height: 0.00
Speed: 7.99

*** ENTRADAS *** 
Pitch: 0.00
Roll: 0.00
Height: 0.00
Speed: 7.99

*** ENTRADAS *** 
Pitch: 0.00
Roll: 0.00
Height: 0.00
Speed: 9.18

*** ENTRADAS *** 
Pitch: 0.00
Roll: 0.00
Height: 0.00
Speed: 10.37

*** ENTRADAS *** 
Pitch: 0.00
Roll: 0.00
Height: 0.00
Speed: 8.83

*** ENTRADAS *** 
Pitch: 0.00
Roll: 0.00
Height: 0.00
Speed: 10.30

*** ENTRADAS *** 
Pitch: 0.00
Roll: 0.00
Height: 0.00
Speed: 9.92

*** ENTRADAS *** 
Pitch: 0.00
Roll: 0.00
Height: 0.00
Speed: 0.00

*** SALIDAS *** 
Left Angle: 110.00
Right Angle: 110.00
Back Angle: 110.00
Speed: 7.99

*** ENTRADAS *** 
Pitch: 0.00
Roll: 0.00
Height: 0.00
Speed: 9.50

*** ENTRADAS *** 
Pitch: 0.00
Roll: 0.00
Height: 0.00
Speed: 9.50

*** ENTRADAS *** 
Pitch: 0.00
Roll: 0.00
Height: 0.00
Speed: 9.50

*** ENTRADAS *** 
Pitch: -11.07
Roll: -8.99
Height: 0.60
Speed: 11.25

*** ENTRADAS *** 
Pitch: -10.61
Roll: 0.00
Height: 0.68
Speed: 10.68

*** ENTRADAS *** 
Pitch: -12.08
Roll: 0.00
Height: 0.72
Speed: 11.04

*** ENTRADAS *** 
Pitch: -12.10
Roll: 0.00
Height: 0.69
Speed: 11.71

*** SALIDAS *** 
Left Angle: 110.00
Right Angle: 110.00
Back Angle: 110.00
Speed: 7.99

*** ENTRADAS *** 
Pitch: -11.97
Roll: 0.00
Height: 0.69
Speed: 10.99

*** ENTRADAS *** 
Pitch: -10.44
Roll: 0.00
Height: 0.63
Speed: 10.77

*** ENTRADAS *** 
Pitch: -10.44
Roll: 0.00
Height: 0.63
Speed: 10.77

*** ENTRADAS *** 
Pitch: -10.44
Roll: 0.00
Height: 0.63
Speed: 10.77

*** ENTRADAS *** 
Pitch: -12.24
Roll: 0.00
Height: 0.61
Speed: 9.94

*** ENTRADAS *** 
Pitch: -11.06
Roll: 0.00
Height: 0.68
Speed: 12.43

*** SALIDAS *** 
Left Angle: 110.00
Right Angle: 110.00
Back Angle: 110.00
Speed: 7.99

*** ENTRADAS *** 
Pitch: -11.99
Roll: 0.00
Height: 0.62
Speed: 10.89

*** ENTRADAS *** 
Pitch: -11.99
Roll: 0.00
Height: 0.62
Speed: 10.89

*** ENTRADAS *** 
Pitch: -11.99
Roll: 0.00
Height: 0.62
Speed: 10.89

*** ENTRADAS *** 
Pitch: -11.64
Roll: 0.00
Height: 0.63
Speed: 11.94

*** ENTRADAS *** 
Pitch: -10.63
Roll: 0.00
Height: 0.61
Speed: 12.80

*** ENTRADAS *** 
Pitch: -11.71
Roll: 0.00
Height: 0.69
Speed: 13.81

*** ENTRADAS *** 
Pitch: -11.25
Roll: 0.00
Height: 0.66
Speed: 12.78

*** SALIDAS *** 
Left Angle: 110.00
Right Angle: 110.00
Back Angle: 110.00
Speed: 9.18

*** ENTRADAS *** 
Pitch: -10.75
Roll: 0.00
Height: 0.65
Speed: 12.96

*** ENTRADAS *** 
Pitch: -10.75
Roll: 0.00
Height: 0.65
Speed: 12.96

*** ENTRADAS *** 
Pitch: -10.75
Roll: 0.00
Height: 0.65
Speed: 12.96

*** ENTRADAS *** 
Pitch: -12.33
Roll: 0.00
Height: 0.64
Speed: 13.00

*** ENTRADAS *** 
Pitch: -11.06
Roll: 0.00
Height: 0.73
Speed: 13.97

*** ENTRADAS *** 
Pitch: -11.04
Roll: 0.00
Height: 0.64
Speed: 14.83

*** ENTRADAS *** 
Pitch: -11.68
Roll: 0.00
Height: 0.69
Speed: 14.60

*** SALIDAS *** 
Left Angle: 110.00
Right Angle: 110.00
Back Angle: 110.00
Speed: 10.37

*** ENTRADAS *** 
Pitch: -12.18
Roll: 0.00
Height: 0.67
Speed: 13.41

*** ENTRADAS *** 
Pitch: -12.18
Roll: 0.00
Height: 0.67
Speed: 13.41

*** ENTRADAS *** 
Pitch: -12.18
Roll: 0.00
Height: 0.67
Speed: 13.41

*** ENTRADAS *** 
Pitch: -12.02
Roll: 0.00
Height: 0.71
Speed: 15.58

*** ENTRADAS *** 
Pitch: -10.89
Roll: 0.00
Height: 0.65
Speed: 16.02

*** ENTRADAS *** 
Pitch: -11.65
Roll: 0.00
Height: 0.67
Speed: 16.28

*** ENTRADAS *** 
Pitch: -10.80
Roll: 0.00
Height: 0.65
Speed: 17.09

*** SALIDAS *** 
Left Angle: 110.00
Right Angle: 110.00
Back Angle: 110.00
Speed: 8.83

*** ENTRADAS *** 
Pitch: -10.96
Roll: 0.00
Height: 0.67
Speed: 15.45

*** ENTRADAS *** 
Pitch: -10.96
Roll: 0.00
Height: 0.67
Speed: 15.45

*** ENTRADAS *** 
Pitch: -10.96
Roll: 0.00
Height: 0.67
Speed: 15.45

*** ENTRADAS *** 
Pitch: -11.44
Roll: 0.00
Height: 0.61
Speed: 18.05

*** ENTRADAS *** 
Pitch: -11.79
Roll: 0.00
Height: 0.70
Speed: 18.27

*** ENTRADAS *** 
Pitch: -10.20
Roll: 0.00
Height: 0.63
Speed: 17.27

*** ENTRADAS *** 
Pitch: -10.27
Roll: 0.00
Height: 0.65
Speed: 16.24

*** ENTRADAS *** 
Pitch: -10.72
Roll: 0.00
Height: 0.64
Speed: 18.42

*** ENTRADAS *** 
Pitch: -11.12
Roll: 0.00
Height: 0.65
Speed: 15.72

*** SALIDAS *** 
Left Angle: 110.00
Right Angle: 110.00
Back Angle: 110.00
Speed: 10.30

*** ENTRADAS *** 
Pitch: -11.76
Roll: 0.00
Height: 0.65
Speed: 18.17

*** ENTRADAS *** 
Pitch: -11.76
Roll: 0.00
Height: 0.65
Speed: 18.17

*** ENTRADAS *** 
Pitch: -11.76
Roll: 0.00
Height: 0.65
Speed: 18.17

*** ENTRADAS *** 
Pitch: -11.60
Roll: 0.00
Height: 0.72
Speed: 17.74

*** ENTRADAS *** 
Pitch: -10.32
Roll: 0.00
Height: 0.61
Speed: 19.71

*** ENTRADAS *** 
Pitch: -11.72
Roll: 0.00
Height: 0.67
Speed: 17.62

*** ENTRADAS *** 
Pitch: -10.99
Roll: 0.00
Height: 0.70
Speed: 17.53

*** ENTRADAS *** 
Pitch: -11.08
Roll: 0.00
Height: 0.69
Speed: 18.73

*** ENTRADAS *** 
Pitch: -11.03
Roll: 0.00
Height: 0.62
Speed: 16.35

*** SALIDAS *** 
Left Angle: 110.00
Right Angle: 110.00
Back Angle: 110.00
Speed: 9.92

*** ENTRADAS *** 
Pitch: -11.72
Roll: 0.00
Height: 0.62
Speed: 18.17

*** ENTRADAS *** 
Pitch: -11.72
Roll: 0.00
Height: 0.62
Speed: 18.17

*** ENTRADAS *** 
Pitch: -11.72
Roll: 0.00
Height: 0.62
Speed: 18.17

*** ENTRADAS *** 
Pitch: -11.31
Roll: 0.00
Height: 0.64
Speed: 20.65

*** ENTRADAS *** 
Pitch: -12.03
Roll: 0.00
Height: 0.73
Speed: 18.06

*** ENTRADAS *** 
Pitch: -11.50
Roll: 0.00
Height: 0.70
Speed: 17.42

*** ENTRADAS *** 
Pitch: -10.69
Roll: 0.00
Height: 0.72
Speed: 20.38

*** ENTRADAS *** 
Pitch: -11.66
Roll: 0.00
Height: 0.64
Speed: 17.44

*** ENTRADAS *** 
Pitch: -11.71
Roll: 0.00
Height: 0.67
Speed: 21.00

*** SALIDAS *** 
Left Angle: 110.00
Right Angle: 110.00
Back Angle: 110.00
Speed: 0.00

*** ENTRADAS *** 
Pitch: -11.39
Roll: 0.00
Height: 0.72
Speed: 20.19

*** ENTRADAS *** 
Pitch: -11.39
Roll: 0.00
Height: 0.72
Speed: 20.19

*** ENTRADAS *** 
Pitch: -11.39
Roll: 0.00
Height: 0.72
Speed: 20.19

*** ENTRADAS *** 
Pitch: -12.10
Roll: 0.00
Height: 0.65
Speed: 21.73

*** SALIDAS *** 
Left Angle: 110.00
Right Angle: 110.00
Back Angle: 110.00
Speed: 9.50

*** SALIDAS *** 
Left Angle: 110.00
Right Angle: 110.00
Back Angle: 110.00
Speed: 9.50

*** SALIDAS *** 
Left Angle: 110.00
Right Angle: 110.00
Back Angle: 110.00
Speed: 9.50

*** SALIDAS *** 
Left Angle: 115.89
Right Angle: 98.23
Back Angle: 110.00
Speed: 11.25

*** SALIDAS *** 
Left Angle: 121.79
Right Angle: 104.10
Back Angle: 110.00
Speed: 10.68
